app/build/intermediates/manifest_merge_blame_file/debug/processDebugMainManifest/manifest-merger-blame-debug-report.txt
1<?xml version="1.0" encoding="utf-8"?>
2<manifest xmlns:android="http://schemas.android.com/apk/res/android"
3    package="es.quatroges.qgestpv_v3"
4    android:versionCode="3"
5    android:versionName="QMGComandero_v3.1.3_code2_bd.6_20260505130000" >
6
7    <uses-sdk
8        android:minSdkVersion="26"
9        android:targetSdkVersion="36" />
10
11    <uses-permission android:name="android.permission.ACCESS_NETWORK_STATE" />
11-->src\main\AndroidManifest.xml:4:5-79
11-->src\main\AndroidManifest.xml:4:22-76
12    <uses-permission android:name="android.permission.BLUETOOTH_CONNECT" />
12-->src\main\AndroidManifest.xml:5:5-76
12-->src\main\AndroidManifest.xml:5:22-73
13    <uses-permission android:name="android.permission.BLUETOOTH_SCAN" />
13-->src\main\AndroidManifest.xml:6:5-73
13-->src\main\AndroidManifest.xml:6:22-70
14    <uses-permission android:name="android.permission.WRITE_EXTERNAL_STORAGE" />
14-->src\main\AndroidManifest.xml:7:5-81
14-->src\main\AndroidManifest.xml:7:22-78
15    <uses-permission android:name="android.permission.INTERNET" />
15-->src\main\AndroidManifest.xml:8:5-67
15-->src\main\AndroidManifest.xml:8:22-64
16    <uses-permission android:name="android.permission.READ_PHONE_STATE" />
16-->src\main\AndroidManifest.xml:9:5-75
16-->src\main\AndroidManifest.xml:9:22-72
17    <uses-permission android:name="android.permission.ACCESS_WIFI_STATE" />
17-->src\main\AndroidManifest.xml:10:5-76
17-->src\main\AndroidManifest.xml:10:22-73
18    <uses-permission android:name="android.permission.NFC" />
18-->src\main\AndroidManifest.xml:11:5-62
18-->src\main\AndroidManifest.xml:11:22-59
19    <uses-permission android:name="android.permission.REQUEST_INSTALL_PACKAGES" />
19-->src\main\AndroidManifest.xml:12:5-83
19-->src\main\AndroidManifest.xml:12:22-80
20
21    <permission
21-->[androidx.core:core:1.13.0] AndroidManifest.xml:22:5-24:47
22        android:name="es.quatroges.qgestpv_v3.DYNAMIC_RECEIVER_NOT_EXPORTED_PERMISSION"
22-->[androidx.core:core:1.13.0] AndroidManifest.xml:23:9-81
23        android:protectionLevel="signature" />
23-->[androidx.core:core:1.13.0] AndroidManifest.xml:24:9-44
24
25    <uses-permission android:name="es.quatroges.qgestpv_v3.DYNAMIC_RECEIVER_NOT_EXPORTED_PERMISSION" />
25-->[androidx.core:core:1.13.0] AndroidManifest.xml:26:5-97
25-->[androidx.core:core:1.13.0] AndroidManifest.xml:26:22-94
26
27    <application
27-->src\main\AndroidManifest.xml:14:5-74:19
28        android:allowBackup="true"
28-->src\main\AndroidManifest.xml:15:9-35
29        android:appComponentFactory="androidx.core.app.CoreComponentFactory"
29-->[androidx.core:core:1.13.0] AndroidManifest.xml:28:18-86
30        android:debuggable="true"
31        android:extractNativeLibs="false"
32        android:icon="@drawable/circulo_qges"
32-->src\main\AndroidManifest.xml:16:9-46
33        android:label="@string/app_name"
33-->src\main\AndroidManifest.xml:17:9-41
34        android:roundIcon="@drawable/circulo_qges"
34-->src\main\AndroidManifest.xml:18:9-51
35        android:supportsRtl="true"
35-->src\main\AndroidManifest.xml:19:9-35
36        android:testOnly="true"
37        android:theme="@style/AppTheme"
37-->src\main\AndroidManifest.xml:20:9-40
38        android:usesCleartextTraffic="true" >
38-->src\main\AndroidManifest.xml:21:9-44
39        <activity
39-->src\main\AndroidManifest.xml:24:9-36:20
40            android:name="es.quatroges.qgestpv_v3.ActivityInicio"
40-->src\main\AndroidManifest.xml:25:13-43
41            android:exported="true"
41-->src\main\AndroidManifest.xml:28:13-36
42            android:label="@string/app_name"
42-->src\main\AndroidManifest.xml:26:13-45
43            android:launchMode="singleTop"
43-->src\main\AndroidManifest.xml:29:13-43
44            android:screenOrientation="portrait"
44-->src\main\AndroidManifest.xml:27:13-49
45            android:theme="@style/AppTheme.NoActionBar"
45-->src\main\AndroidManifest.xml:31:13-56
46            android:windowSoftInputMode="adjustResize" >
46-->src\main\AndroidManifest.xml:30:13-55
47            <intent-filter>
47-->src\main\AndroidManifest.xml:32:13-35:29
48                <action android:name="android.intent.action.MAIN" />
48-->src\main\AndroidManifest.xml:33:17-69
48-->src\main\AndroidManifest.xml:33:25-66
49
50                <category android:name="android.intent.category.LAUNCHER" />
50-->src\main\AndroidManifest.xml:34:17-77
50-->src\main\AndroidManifest.xml:34:27-74
51            </intent-filter>
52        </activity>
53        <activity
53-->src\main\AndroidManifest.xml:38:9-40:15
54            android:name="es.quatroges.qgestpv_v3.nfc.NfcReceiver"
54-->src\main\AndroidManifest.xml:38:19-50
55            android:theme="@style/Theme.AppCompat.Light.Dialog.MinWidth" />
55-->src\main\AndroidManifest.xml:39:13-73
56        <activity
56-->src\main\AndroidManifest.xml:43:9-47:59
57            android:name="es.quatroges.qgestpv_v3.ActivityConfig"
57-->src\main\AndroidManifest.xml:44:13-43
58            android:label=""
58-->src\main\AndroidManifest.xml:45:13-29
59            android:screenOrientation="portrait"
59-->src\main\AndroidManifest.xml:46:13-49
60            android:theme="@style/AppTheme.NoActionBar" />
60-->src\main\AndroidManifest.xml:47:13-56
61        <activity
61-->src\main\AndroidManifest.xml:49:9-53:59
62            android:name="es.quatroges.qgestpv_v3.ActivityFirma"
62-->src\main\AndroidManifest.xml:50:13-42
63            android:label=""
63-->src\main\AndroidManifest.xml:51:13-29
64            android:screenOrientation="landscape"
64-->src\main\AndroidManifest.xml:52:13-50
65            android:theme="@style/AppTheme.NoActionBar" />
65-->src\main\AndroidManifest.xml:53:13-56
66        <activity
66-->src\main\AndroidManifest.xml:55:9-58:51
67            android:name="es.quatroges.qgestpv_v3.ActivityBTDeviceList"
67-->src\main\AndroidManifest.xml:56:13-49
68            android:label=""
68-->src\main\AndroidManifest.xml:57:13-29
69            android:screenOrientation="portrait" />
69-->src\main\AndroidManifest.xml:58:13-49
70
71        <service
71-->src\main\AndroidManifest.xml:60:9-62:40
72            android:name="es.quatroges.qgestpv_v3.servicios.ServSincronizaBD"
72-->src\main\AndroidManifest.xml:61:13-55
73            android:exported="false" />
73-->src\main\AndroidManifest.xml:62:13-37
74
75        <provider
76            android:name="androidx.core.content.FileProvider"
76-->src\main\AndroidManifest.xml:65:13-62
77            android:authorities="es.quatroges.qgestpv_v3.fileprovider"
77-->src\main\AndroidManifest.xml:66:13-64
78            android:exported="false"
78-->src\main\AndroidManifest.xml:68:13-37
79            android:grantUriPermissions="true" >
79-->src\main\AndroidManifest.xml:67:13-47
80            <meta-data
80-->src\main\AndroidManifest.xml:69:13-71:54
81                android:name="android.support.FILE_PROVIDER_PATHS"
81-->src\main\AndroidManifest.xml:70:17-67
82                android:resource="@xml/file_paths" />
82-->src\main\AndroidManifest.xml:71:17-51
83        </provider>
84        <provider
84-->[androidx.emoji2:emoji2:1.3.0] AndroidManifest.xml:24:9-32:20
85            android:name="androidx.startup.InitializationProvider"
85-->[androidx.emoji2:emoji2:1.3.0] AndroidManifest.xml:25:13-67
86            android:authorities="es.quatroges.qgestpv_v3.androidx-startup"
86-->[androidx.emoji2:emoji2:1.3.0] AndroidManifest.xml:26:13-68
87            android:exported="false" >
87-->[androidx.emoji2:emoji2:1.3.0] AndroidManifest.xml:27:13-37
88            <meta-data
88-->[androidx.emoji2:emoji2:1.3.0] AndroidManifest.xml:29:13-31:52
89                android:name="androidx.emoji2.text.EmojiCompatInitializer"
89-->[androidx.emoji2:emoji2:1.3.0] AndroidManifest.xml:30:17-75
90                android:value="androidx.startup" />
90-->[androidx.emoji2:emoji2:1.3.0] AndroidManifest.xml:31:17-49
91            <meta-data
91-->[androidx.lifecycle:lifecycle-process:2.6.2] AndroidManifest.xml:29:13-31:52
92                android:name="androidx.lifecycle.ProcessLifecycleInitializer"
92-->[androidx.lifecycle:lifecycle-process:2.6.2] AndroidManifest.xml:30:17-78
93                android:value="androidx.startup" />
93-->[androidx.lifecycle:lifecycle-process:2.6.2] AndroidManifest.xml:31:17-49
94            <meta-data
94-->[com.squareup.okhttp3:okhttp-android:5.3.2] AndroidManifest.xml:16:13-18:52
95                android:name="okhttp3.internal.platform.PlatformInitializer"
95-->[com.squareup.okhttp3:okhttp-android:5.3.2] AndroidManifest.xml:17:17-77
96                android:value="androidx.startup" />
96-->[com.squareup.okhttp3:okhttp-android:5.3.2] AndroidManifest.xml:18:17-49
97            <meta-data
97-->[androidx.profileinstaller:profileinstaller:1.4.0] AndroidManifest.xml:29:13-31:52
98                android:name="androidx.profileinstaller.ProfileInstallerInitializer"
98-->[androidx.profileinstaller:profileinstaller:1.4.0] AndroidManifest.xml:30:17-85
99                android:value="androidx.startup" />
99-->[androidx.profileinstaller:profileinstaller:1.4.0] AndroidManifest.xml:31:17-49
100        </provider>
101
102        <service
102-->[androidx.room:room-runtime-android:2.8.4] AndroidManifest.xml:24:9-28:63
103            android:name="androidx.room.MultiInstanceInvalidationService"
103-->[androidx.room:room-runtime-android:2.8.4] AndroidManifest.xml:25:13-74
104            android:directBootAware="true"
104-->[androidx.room:room-runtime-android:2.8.4] AndroidManifest.xml:26:13-43
105            android:exported="false" />
105-->[androidx.room:room-runtime-android:2.8.4] AndroidManifest.xml:27:13-37
106
107        <receiver
107-->[androidx.profileinstaller:profileinstaller:1.4.0] AndroidManifest.xml:34:9-52:20
108            android:name="androidx.profileinstaller.ProfileInstallReceiver"
108-->[androidx.profileinstaller:profileinstaller:1.4.0] AndroidManifest.xml:35:13-76
109            android:directBootAware="false"
109-->[androidx.profileinstaller:profileinstaller:1.4.0] AndroidManifest.xml:36:13-44
110            android:enabled="true"
110-->[androidx.profileinstaller:profileinstaller:1.4.0] AndroidManifest.xml:37:13-35
111            android:exported="true"
111-->[androidx.profileinstaller:profileinstaller:1.4.0] AndroidManifest.xml:38:13-36
112            android:permission="android.permission.DUMP" >
112-->[androidx.profileinstaller:profileinstaller:1.4.0] AndroidManifest.xml:39:13-57
113            <intent-filter>
113-->[androidx.profileinstaller:profileinstaller:1.4.0] AndroidManifest.xml:40:13-42:29
114                <action android:name="androidx.profileinstaller.action.INSTALL_PROFILE" />
114-->[androidx.profileinstaller:profileinstaller:1.4.0] AndroidManifest.xml:41:17-91
114-->[androidx.profileinstaller:profileinstaller:1.4.0] AndroidManifest.xml:41:25-88
115            </intent-filter>
116            <intent-filter>
116-->[androidx.profileinstaller:profileinstaller:1.4.0] AndroidManifest.xml:43:13-45:29
117                <action android:name="androidx.profileinstaller.action.SKIP_FILE" />
117-->[androidx.profileinstaller:profileinstaller:1.4.0] AndroidManifest.xml:44:17-85
117-->[androidx.profileinstaller:profileinstaller:1.4.0] AndroidManifest.xml:44:25-82
118            </intent-filter>
119            <intent-filter>
119-->[androidx.profileinstaller:profileinstaller:1.4.0] AndroidManifest.xml:46:13-48:29
120                <action android:name="androidx.profileinstaller.action.SAVE_PROFILE" />
120-->[androidx.profileinstaller:profileinstaller:1.4.0] AndroidManifest.xml:47:17-88
120-->[androidx.profileinstaller:profileinstaller:1.4.0] AndroidManifest.xml:47:25-85
121            </intent-filter>
122            <intent-filter>
122-->[androidx.profileinstaller:profileinstaller:1.4.0] AndroidManifest.xml:49:13-51:29
123                <action android:name="androidx.profileinstaller.action.BENCHMARK_OPERATION" />
123-->[androidx.profileinstaller:profileinstaller:1.4.0] AndroidManifest.xml:50:17-95
123-->[androidx.profileinstaller:profileinstaller:1.4.0] AndroidManifest.xml:50:25-92
124            </intent-filter>
125        </receiver>
126    </application>
127
128</manifest>